<?xml version="1.0" encoding="UTF-8"?>
<testsuite xmlns:xsi="http://www.w3.org/2001/XMLSchema-instance" xsi:noNamespaceSchemaLocation="https://maven.apache.org/surefire/maven-surefire-plugin/xsd/surefire-test-report.xsd" version="3.0.2" name="com.cfs.payment_service.PaymentServiceApplicationTests" time="9.175" tests="1" errors="0" skipped="0" failures="0">
  <properties>
[...]
</properties>
  <testcase name="contextLoads" classname="com.cfs.payment_service.PaymentServiceApplicationTests" time="0.605">
    <system-out><![CDATA[15:54:55.240 [main] INFO org.springframework.test.context.support.AnnotationConfigContextLoaderUtils -- Could not detect default configuration classes for test class [com.cfs.payment_service.PaymentServiceApplicationTests]: PaymentServiceApplicationTests does not declare any static, non-private, non-final, nested classes annotated with @Configuration.
15:54:55.396 [main] INFO org.springframework.boot.test.context.SpringBootTestContextBootstrapper -- Found @SpringBootConfiguration com.cfs.payment_service.PaymentServiceApplication for test class com.cfs.payment_service.PaymentServiceApplicationTests
15:54:55.719 [main] INFO org.springframework.boot.devtools.restart.RestartApplicationListener -- Restart disabled due to context in which it is running

  .   ____          _            __ _ _
 /\\ / ___'_ __ _ _(_)_ __  __ _ \ \ \ \
( ( )\___ | '_ | '_| | '_ \/ _` | \ \ \ \
 \\/  ___)| |_)| | | | | || (_| |  ) ) ) )
  '  |____| .__|_| |_|_| |_\__, | / / / /
 =========|_|==============|___/=/_/_/_/

 :: Spring Boot ::                (v3.5.4)

2026-07-07T15:54:56.062+05:30  WARN 8336 --- [payment-service] [           main] ory$DuplicateJsonObjectContextCustomizer : 

Found multiple occurrences of org.json.JSONObject on the class path:

	jar:file:/C:/Users/dudha/.m2/repository/org/json/json/20250517/json-20250517.jar!/org/json/JSONObject.class
	jar:file:/C:/Users/dudha/.m2/repository/com/vaadin/external/google/android-json/0.0.20131108.vaadin1/android-json-0.0.20131108.vaadin1.jar!/org/json/JSONObject.class

You may wish to exclude one of them to ensure predictable runtime behavior

2026-07-07T15:54:56.091+05:30  INFO 8336 --- [payment-service] [           main] c.c.p.PaymentServiceApplicationTests     : Starting PaymentServiceApplicationTests using Java 21.0.7 with PID 8336 (started by dudha in D:\Spark 4.0\Ecommerse-MicroServices\payment-service)
2026-07-07T15:54:56.092+05:30  INFO 8336 --- [payment-service] [           main] c.c.p.PaymentServiceApplicationTests     : No active profile set, falling back to 1 default profile: "default"
2026-07-07T15:54:57.045+05:30  INFO 8336 --- [payment-service] [           main] .s.d.r.c.RepositoryConfigurationDelegate : Bootstrapping Spring Data JPA repositories in DEFAULT mode.
2026-07-07T15:54:57.191+05:30  INFO 8336 --- [payment-service] [           main] .s.d.r.c.RepositoryConfigurationDelegate : Finished Spring Data repository scanning in 134 ms. Found 1 JPA repository interface.
2026-07-07T15:54:57.550+05:30  INFO 8336 --- [payment-service] [           main] o.s.cloud.context.scope.GenericScope     : BeanFactory id=28da9479-386d-3840-a63b-4fd239b76285
2026-07-07T15:54:58.130+05:30  INFO 8336 --- [payment-service] [           main] o.hibernate.jpa.internal.util.LogHelper  : HHH000204: Processing PersistenceUnitInfo [name: default]
2026-07-07T15:54:58.196+05:30  INFO 8336 --- [payment-service] [           main] org.hibernate.Version                    : HHH000412: Hibernate ORM core version 6.6.22.Final
2026-07-07T15:54:58.237+05:30  INFO 8336 --- [payment-service] [           main] o.h.c.internal.RegionFactoryInitiator    : HHH000026: Second-level cache disabled
2026-07-07T15:54:58.564+05:30  INFO 8336 --- [payment-service] [           main] o.s.o.j.p.SpringPersistenceUnitInfo      : No LoadTimeWeaver setup: ignoring JPA class transformer
2026-07-07T15:54:58.596+05:30  INFO 8336 --- [payment-service] [           main] com.zaxxer.hikari.HikariDataSource       : HikariPool-1 - Starting...
2026-07-07T15:54:59.748+05:30  INFO 8336 --- [payment-service] [           main] com.zaxxer.hikari.pool.HikariPool        : HikariPool-1 - Added connection com.mysql.cj.jdbc.ConnectionImpl@43719e98
2026-07-07T15:54:59.751+05:30  INFO 8336 --- [payment-service] [           main] com.zaxxer.hikari.HikariDataSource       : HikariPool-1 - Start completed.
2026-07-07T15:54:59.813+05:30  WARN 8336 --- [payment-service] [           main] org.hibernate.orm.deprecation            : HHH90000025: MySQLDialect does not need to be specified explicitly using 'hibernate.dialect' (remove the property setting and it will be selected by default)
2026-07-07T15:54:59.830+05:30  INFO 8336 --- [payment-service] [           main] org.hibernate.orm.connections.pooling    : HHH10001005: Database info:
	Database JDBC URL [Connecting through datasource 'HikariDataSource (HikariPool-1)']
	Database driver: undefined/unknown
	Database version: 8.0.42
	Autocommit mode: undefined/unknown
	Isolation level: undefined/unknown
	Minimum pool size: undefined/unknown
	Maximum pool size: undefined/unknown
2026-07-07T15:55:00.923+05:30  INFO 8336 --- [payment-service] [           main] o.h.e.t.j.p.i.JtaPlatformInitiator       : HHH000489: No JTA platform available (set 'hibernate.transaction.jta.platform' to enable JTA platform integration)
Hibernate: 
    create table payments (
        id bigint not null auto_increment,
        created_at datetime(6) not null,
        updated_at datetime(6),
        amount decimal(12,2) not null,
        currency enum ('INR'),
        customer_id bigint not null,
        failure_reason varchar(255),
        order_id bigint not null,
        paid_at datetime(6),
        payment_gateway enum ('RAZORPAY') not null,
        payment_method enum ('CARD','NET_BANKING','UPI','WALLET') not null,
        payment_reference varchar(255) not null,
        payment_status enum ('CANCELLED','FAILED','PENDING','PROCESSING','REFUNDED','SUCCESS') not null,
        razorpay_order_id varchar(255),
        razorpay_payment_id varchar(255),
        razorpay_signature varchar(500),
        remarks varchar(500),
        primary key (id)
    ) engine=InnoDB
Hibernate: 
    alter table payments 
       drop index UK4jacl30fsqtdp5mhmg5wnvn7q
Hibernate: 
    alter table payments 
       add constraint UK4jacl30fsqtdp5mhmg5wnvn7q unique (payment_reference)
Hibernate: 
    alter table payments 
       drop index UKc3w49re3w3eiexjdnm9khcsd8
Hibernate: 
    alter table payments 
       add constraint UKc3w49re3w3eiexjdnm9khcsd8 unique (razorpay_order_id)
Hibernate: 
    alter table payments 
       drop index UK3h326otx9ko45mitb1ptj38bi
Hibernate: 
    alter table payments 
       add constraint UK3h326otx9ko45mitb1ptj38bi unique (razorpay_payment_id)
2026-07-07T15:55:01.223+05:30  INFO 8336 --- [payment-service] [           main] j.LocalContainerEntityManagerFactoryBean : Initialized JPA EntityManagerFactory for persistence unit 'default'
2026-07-07T15:55:02.286+05:30  WARN 8336 --- [payment-service] [           main] JpaBaseConfiguration$JpaWebConfiguration : spring.jpa.open-in-view is enabled by default. Therefore, database queries may be performed during view rendering. Explicitly configure spring.jpa.open-in-view to disable this warning
2026-07-07T15:55:02.859+05:30  INFO 8336 --- [payment-service] [           main] DiscoveryClientOptionalArgsConfiguration : Eureka HTTP Client uses RestTemplate.
2026-07-07T15:55:02.904+05:30  WARN 8336 --- [payment-service] [           main] iguration$LoadBalancerCaffeineWarnLogger : Spring Cloud LoadBalancer is currently working with the default cache. While this cache implementation is useful for development and tests, it's recommended to use Caffeine cache in production.You can switch to using Caffeine cache, by adding it and org.springframework.cache.caffeine.CaffeineCacheManager to the classpath.
2026-07-07T15:55:02.952+05:30  INFO 8336 --- [payment-service] [           main] o.s.c.n.eureka.InstanceInfoFactory       : Setting initial instance status as: STARTING
2026-07-07T15:55:02.995+05:30  INFO 8336 --- [payment-service] [           main] com.netflix.discovery.DiscoveryClient    : Initializing Eureka in region us-east-1
2026-07-07T15:55:02.999+05:30  INFO 8336 --- [payment-service] [           main] c.n.d.s.r.aws.ConfigClusterResolver      : Resolving eureka endpoints via configuration
2026-07-07T15:55:03.010+05:30  INFO 8336 --- [payment-service] [           main] com.netflix.discovery.DiscoveryClient    : Disable delta property : false
2026-07-07T15:55:03.010+05:30  INFO 8336 --- [payment-service] [           main] com.netflix.discovery.DiscoveryClient    : Single vip registry refresh property : null
2026-07-07T15:55:03.010+05:30  INFO 8336 --- [payment-service] [           main] com.netflix.discovery.DiscoveryClient    : Force full registry fetch : false
2026-07-07T15:55:03.010+05:30  INFO 8336 --- [payment-service] [           main] com.netflix.discovery.DiscoveryClient    : Application is null : false
2026-07-07T15:55:03.010+05:30  INFO 8336 --- [payment-service] [           main] com.netflix.discovery.DiscoveryClient    : Registered Applications size is zero : true
2026-07-07T15:55:03.011+05:30  INFO 8336 --- [payment-service] [           main] com.netflix.discovery.DiscoveryClient    : Application version is -1: true
2026-07-07T15:55:03.011+05:30  INFO 8336 --- [payment-service] [           main] com.netflix.discovery.DiscoveryClient    : Getting all instance registry info from the eureka server
2026-07-07T15:55:03.549+05:30  INFO 8336 --- [payment-service] [           main] com.netflix.discovery.DiscoveryClient    : The response status is 200
2026-07-07T15:55:03.551+05:30  INFO 8336 --- [payment-service] [           main] com.netflix.discovery.DiscoveryClient    : Starting heartbeat executor: renew interval is: 30
2026-07-07T15:55:03.554+05:30  INFO 8336 --- [payment-service] [           main] c.n.discovery.InstanceInfoReplicator     : InstanceInfoReplicator onDemand update allowed rate per min is 4
2026-07-07T15:55:03.557+05:30  INFO 8336 --- [payment-service] [           main] com.netflix.discovery.DiscoveryClient    : Discovery Client initialized at timestamp 1783419903556 with initial instances count: 0
2026-07-07T15:55:03.564+05:30  INFO 8336 --- [payment-service] [           main] o.s.c.n.e.s.EurekaServiceRegistry        : Registering application PAYMENT-SERVICE with eureka with status UP
2026-07-07T15:55:03.567+05:30  INFO 8336 --- [payment-service] [           main] com.netflix.discovery.DiscoveryClient    : Saw local status change event StatusChangeEvent [timestamp=1783419903567, current=UP, previous=STARTING]
2026-07-07T15:55:03.571+05:30  INFO 8336 --- [payment-service] [foReplicator-%d] com.netflix.discovery.DiscoveryClient    : DiscoveryClient_PAYMENT-SERVICE/sanket:payment-service:8085: registering service...
2026-07-07T15:55:03.604+05:30  INFO 8336 --- [payment-service] [           main] c.c.p.PaymentServiceApplicationTests     : Started PaymentServiceApplicationTests in 7.899 seconds (process running for 9.329)
2026-07-07T15:55:03.796+05:30  INFO 8336 --- [payment-service] [foReplicator-%d] com.netflix.discovery.DiscoveryClient    : DiscoveryClient_PAYMENT-SERVICE/sanket:payment-service:8085 - registration status: 204
2026-07-07T15:55:04.179+05:30  INFO 8336 --- [payment-service] [           main] o.s.c.openfeign.FeignClientFactoryBean   : For 'NOTIFICATION-SERVICE' URL not provided. Will try picking an instance via load-balancing.
2026-07-07T15:55:04.207+05:30  INFO 8336 --- [payment-service] [           main] o.s.c.openfeign.FeignClientFactoryBean   : For 'ORDER-SERVICE' URL not provided. Will try picking an instance via load-balancing.
]]></system-out>
    <system-err><![CDATA[Mockito is currently self-attaching to enable the inline-mock-maker. This will no longer work in future releases of the JDK. Please add Mockito as an agent to your build as described in Mockito's documentation: https://javadoc.io/doc/org.mockito/mockito-core/latest/org.mockito/org/mockito/Mockito.html#0.3
WARNING: A Java agent has been loaded dynamically (C:\Users\dudha\.m2\repository\net\bytebuddy\byte-buddy-agent\1.17.6\byte-buddy-agent-1.17.6.jar)
WARNING: If a serviceability tool is in use, please run with -XX:+EnableDynamicAgentLoading to hide this warning
WARNING: If a serviceability tool is not in use, please run with -Djdk.instrument.traceUsage for more information
WARNING: Dynamic loading of agents will be disallowed by default in a future release
]]></system-err>
  </testcase>
</testsuite>